[debug] [2024-01-27T08:33:55.979Z] ----------------------------------------------------------------------
[debug] [2024-01-27T08:33:55.983Z] Command:       C:\Program Files\nodejs\node.exe C:\Users\DELL\AppData\Roaming\npm\node_modules\firebase-tools\lib\bin\firebase.js init hosting
[debug] [2024-01-27T08:33:55.985Z] CLI Version:   13.1.0
[debug] [2024-01-27T08:33:55.986Z] Platform:      win32
[debug] [2024-01-27T08:33:55.986Z] Node Version:  v18.18.0
[debug] [2024-01-27T08:33:55.989Z] Time:          Sat Jan 27 2024 14:03:55 GMT+0530 (India Standard Time)
[debug] [2024-01-27T08:33:55.990Z] ----------------------------------------------------------------------
[debug] 
[debug] [2024-01-27T08:33:56.003Z] > command requires scopes: ["email","openid","https://www.googleapis.com/auth/cloudplatformprojects.readonly","https://www.googleapis.com/auth/firebase","https://www.googleapis.com/auth/cloud-platform"]
[debug] [2024-01-27T08:33:56.004Z] > authorizing via signed-in user (gurututorialsforu@gmail.com)
[info] 
     ######## #### ########  ######## ########     ###     ######  ########
     ##        ##  ##     ## ##       ##     ##  ##   ##  ##       ##
     ######    ##  ########  ######   ########  #########  ######  ######
     ##        ##  ##    ##  ##       ##     ## ##     ##       ## ##
     ##       #### ##     ## ######## ########  ##     ##  ######  ########

You're about to initialize a Firebase project in this directory:

  C:\Users\DELL\Projects\Full Stack\ytms-cli\ytms-cli

[info] 
=== Project Setup
[info] 
[info] First, let's associate this project directory with a Firebase project.
[info] You can create multiple project aliases by running firebase use --add, 
[info] but for now we'll just set up a default project.
[info] 
[debug] [2024-01-27T08:34:01.115Z] >>> [apiv2][query] GET https://firebase.googleapis.com/v1beta1/projects pageSize=100
[debug] [2024-01-27T08:34:01.902Z] <<< [apiv2][status] GET https://firebase.googleapis.com/v1beta1/projects 200
[debug] [2024-01-27T08:34:01.902Z] <<< [apiv2][body] GET https://firebase.googleapis.com/v1beta1/projects [omitted]
[info] i  Using project brainqy (brainqy) 
[info] 
=== Hosting Setup
[debug] [2024-01-27T08:34:23.763Z] >>> [apiv2][query] GET https://firebase.googleapis.com/v1beta1/projects/brainqy [none]
[debug] [2024-01-27T08:34:24.245Z] <<< [apiv2][status] GET https://firebase.googleapis.com/v1beta1/projects/brainqy 200
[debug] [2024-01-27T08:34:24.245Z] <<< [apiv2][body] GET https://firebase.googleapis.com/v1beta1/projects/brainqy {"projectId":"brainqy","projectNumber":"397991376734","displayName":"brainqy","name":"projects/brainqy","resources":{"hostingSite":"brainqy"},"state":"ACTIVE","etag":"1_68e9833a-dd29-4191-ab7e-273bd058d3db"}
[info] 
[info] Your public directory is the folder (relative to your project directory) that
[info] will contain Hosting assets to be uploaded with firebase deploy. If you
[info] have a build process for your assets, use your build's output directory.
[info] 
[debug] [2024-01-27T08:34:52.346Z] >>> [apiv2][query] GET https://www.gstatic.com/firebasejs/releases.json [none]
[debug] [2024-01-27T08:34:52.607Z] <<< [apiv2][status] GET https://www.gstatic.com/firebasejs/releases.json 200
[debug] [2024-01-27T08:34:52.607Z] <<< [apiv2][body] GET https://www.gstatic.com/firebasejs/releases.json {"current":{"version":"10.7.2","browserURL":"https://www.gstatic.com/firebasejs/10.7.2/firebase.js","packageURL":"https://www.gstatic.com/firebasejs/10.7.2/firebase.tgz"},"live":{"version":"10.7","browserURL":"https://www.gstatic.com/firebasejs/live/10.7/firebase.js","packageURL":"https://www.gstatic.com/firebasejs/live/10.7/firebase.tgz"},"components":{"analytics":"https://www.gstatic.com/firebasejs/10.7.2/firebase-analytics.js","app":"https://www.gstatic.com/firebasejs/10.7.2/firebase-app.js","app-check":"https://www.gstatic.com/firebasejs/10.7.2/firebase-app-check.js","auth":"https://www.gstatic.com/firebasejs/10.7.2/firebase-auth.js","auth/cordova":"https://www.gstatic.com/firebasejs/10.7.2/firebase-auth/cordova.js","functions":"https://www.gstatic.com/firebasejs/10.7.2/firebase-functions.js","firestore":"https://www.gstatic.com/firebasejs/10.7.2/firebase-firestore.js","firestore/lite":"https://www.gstatic.com/firebasejs/10.7.2/firebase-firestore/lite.js","installations":"https://www.gstatic.com/firebasejs/10.7.2/firebase-installations.js","storage":"https://www.gstatic.com/firebasejs/10.7.2/firebase-storage.js","performance":"https://www.gstatic.com/firebasejs/10.7.2/firebase-performance.js","remote-config":"https://www.gstatic.com/firebasejs/10.7.2/firebase-remote-config.js","messaging":"https://www.gstatic.com/firebasejs/10.7.2/firebase-messaging.js","messaging/sw":"https://www.gstatic.com/firebasejs/10.7.2/firebase-messaging/sw.js","database":"https://www.gstatic.com/firebasejs/10.7.2/firebase-database.js","firestore.memory":"https://www.gstatic.com/firebasejs/10.7.2/firebase-firestore.memory.js"}}
[info] +  Wrote dist/index.html 
[info] 
[info] i  Detected a .git folder at C:\Users\DELL\Projects\Full Stack\ytms-cli 
[info] i  Authorizing with GitHub to upload your service account to a GitHub repository's secrets store. 
[info] 
[info] Visit this URL on this device to log in:
[info] https://github.com/login/oauth/authorize?client_id=89cf50f02ac6aaed3484&state=812528530&redirect_uri=http%3A%2F%2Flocalhost%3A9005&scope=read%3Auser%20repo%20public_repo
[info] 
[info] Waiting for authentication...
[debug] [2024-01-27T08:35:26.228Z] >>> [apiv2][query] POST https://github.com/login/oauth/access_token [none]
[debug] [2024-01-27T08:35:26.229Z] >>> [apiv2][body] POST https://github.com/login/oauth/access_token [stream]
[debug] [2024-01-27T08:35:26.676Z] <<< [apiv2][status] POST https://github.com/login/oauth/access_token 200
[debug] [2024-01-27T08:35:26.677Z] <<< [apiv2][body] POST https://github.com/login/oauth/access_token {"access_token":"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","token_type":"bearer","scope":"read:user,repo"}
[debug] [2024-01-27T08:35:26.694Z] >>> [apiv2][query] GET https://api.github.com/user [none]
[debug] [2024-01-27T08:35:27.078Z] <<< [apiv2][status] GET https://api.github.com/user 200
[debug] [2024-01-27T08:35:27.078Z] <<< [apiv2][body] GET https://api.github.com/user {"login":"brainqy","id":75571180,"node_id":"MDQ6VXNlcjc1NTcxMTgw","avatar_url":"https://avatars.githubusercontent.com/u/75571180?v=4","gravatar_id":"","url":"https://api.github.com/users/brainqy","html_url":"https://github.com/brainqy","followers_url":"https://api.github.com/users/brainqy/followers","following_url":"https://api.github.com/users/brainqy/following{/other_user}","gists_url":"https://api.github.com/users/brainqy/gists{/gist_id}","starred_url":"https://api.github.com/users/brainqy/starred{/owner}{/repo}","subscriptions_url":"https://api.github.com/users/brainqy/subscriptions","organizations_url":"https://api.github.com/users/brainqy/orgs","repos_url":"https://api.github.com/users/brainqy/repos","events_url":"https://api.github.com/users/brainqy/events{/privacy}","received_events_url":"https://api.github.com/users/brainqy/received_events","type":"User","site_admin":false,"name":null,"company":null,"blog":"","location":null,"email":null,"hireable":null,"bio":null,"twitter_username":null,"public_repos":3,"public_gists":0,"followers":0,"following":0,"created_at":"2020-12-06T13:04:22Z","updated_at":"2024-01-25T17:54:50Z","private_gists":0,"total_private_repos":1,"owned_private_repos":1,"disk_usage":33587,"collaborators":0,"two_factor_authentication":false,"plan":{"name":"free","space":976562499,"collaborators":0,"private_repos":10000}}
[info] 
[info] +  Success! Logged into GitHub as brainqy 
[info] 
[debug] [2024-01-27T08:43:58.764Z] >>> [apiv2][query] GET https://api.github.com/repos/brainqy/brf/actions/secrets/public-key type=owner
[debug] [2024-01-27T08:43:59.102Z] <<< [apiv2][status] GET https://api.github.com/repos/brainqy/brf/actions/secrets/public-key 401
[debug] [2024-01-27T08:43:59.103Z] <<< [apiv2][body] GET https://api.github.com/repos/brainqy/brf/actions/secrets/public-key {"message":"Bad credentials","documentation_url":"https://docs.github.com/rest"}
[debug] [2024-01-27T08:44:01.805Z] >>> [apiv2][query] GET https://api.github.com/repos/brainqy/brf/actions/secrets/public-key type=owner
[debug] [2024-01-27T08:44:02.125Z] <<< [apiv2][status] GET https://api.github.com/repos/brainqy/brf/actions/secrets/public-key 401
[debug] [2024-01-27T08:44:02.125Z] <<< [apiv2][body] GET https://api.github.com/repos/brainqy/brf/actions/secrets/public-key {"message":"Bad credentials","documentation_url":"https://docs.github.com/rest"}
[debug] [2024-01-27T08:44:18.456Z] >>> [apiv2][query] GET https://api.github.com/repos/brainqy/brf/actions/secrets/public-key type=owner
[debug] [2024-01-27T08:44:18.867Z] >>> [apiv2][query] GET https://api.github.com/repos//actions/secrets/public-key type=owner
[debug] [2024-01-27T08:44:18.917Z] <<< [apiv2][status] GET https://api.github.com/repos/brainqy/brf/actions/secrets/public-key 401
[debug] [2024-01-27T08:44:18.917Z] <<< [apiv2][body] GET https://api.github.com/repos/brainqy/brf/actions/secrets/public-key {"message":"Bad credentials","documentation_url":"https://docs.github.com/rest"}
[debug] [2024-01-27T08:44:19.086Z] >>> [apiv2][query] GET https://api.github.com/repos/brainqy/brf/actions/secrets/public-key type=owner
[debug] [2024-01-27T08:44:19.192Z] <<< [apiv2][status] GET https://api.github.com/repos//actions/secrets/public-key 401
[debug] [2024-01-27T08:44:19.193Z] <<< [apiv2][body] GET https://api.github.com/repos//actions/secrets/public-key {"message":"Bad credentials","documentation_url":"https://docs.github.com/rest"}
[debug] [2024-01-27T08:44:19.243Z] >>> [apiv2][query] GET https://api.github.com/repos//actions/secrets/public-key type=owner
[debug] [2024-01-27T08:44:19.402Z] <<< [apiv2][status] GET https://api.github.com/repos/brainqy/brf/actions/secrets/public-key 401
[debug] [2024-01-27T08:44:19.402Z] <<< [apiv2][body] GET https://api.github.com/repos/brainqy/brf/actions/secrets/public-key {"message":"Bad credentials","documentation_url":"https://docs.github.com/rest"}
[debug] [2024-01-27T08:44:19.536Z] <<< [apiv2][status] GET https://api.github.com/repos//actions/secrets/public-key 401
[debug] [2024-01-27T08:44:19.537Z] <<< [apiv2][body] GET https://api.github.com/repos//actions/secrets/public-key {"message":"Bad credentials","documentation_url":"https://docs.github.com/rest"}
[debug] [2024-01-27T08:44:25.602Z] >>> [apiv2][query] GET https://api.github.com/repos/brainqy/brf/actions/secrets/public-key type=owner
[debug] [2024-01-27T08:44:25.982Z] >>> [apiv2][query] GET https://api.github.com/repos//actions/secrets/public-key type=owner
[debug] [2024-01-27T08:44:26.195Z] >>> [apiv2][query] GET https://api.github.com/repos//actions/secrets/public-key type=owner
[debug] [2024-01-27T08:44:26.300Z] <<< [apiv2][status] GET https://api.github.com/repos//actions/secrets/public-key 401
[debug] [2024-01-27T08:44:26.300Z] <<< [apiv2][body] GET https://api.github.com/repos//actions/secrets/public-key {"message":"Bad credentials","documentation_url":"https://docs.github.com/rest"}
[debug] [2024-01-27T08:44:26.303Z] <<< [apiv2][status] GET https://api.github.com/repos/brainqy/brf/actions/secrets/public-key 401
[debug] [2024-01-27T08:44:26.303Z] <<< [apiv2][body] GET https://api.github.com/repos/brainqy/brf/actions/secrets/public-key {"message":"Bad credentials","documentation_url":"https://docs.github.com/rest"}
[debug] [2024-01-27T08:44:26.370Z] >>> [apiv2][query] GET https://api.github.com/repos/brainqy/brf/actions/secrets/public-key type=owner
[debug] [2024-01-27T08:44:26.494Z] <<< [apiv2][status] GET https://api.github.com/repos//actions/secrets/public-key 401
[debug] [2024-01-27T08:44:26.494Z] <<< [apiv2][body] GET https://api.github.com/repos//actions/secrets/public-key {"message":"Bad credentials","documentation_url":"https://docs.github.com/rest"}
[debug] [2024-01-27T08:44:26.767Z] <<< [apiv2][status] GET https://api.github.com/repos/brainqy/brf/actions/secrets/public-key 401
[debug] [2024-01-27T08:44:26.767Z] <<< [apiv2][body] GET https://api.github.com/repos/brainqy/brf/actions/secrets/public-key {"message":"Bad credentials","documentation_url":"https://docs.github.com/rest"}
[debug] [2024-01-27T08:44:27.910Z] >>> [apiv2][query] GET https://api.github.com/repos/brainqy/brf/actions/secrets/public-key type=owner
[debug] [2024-01-27T08:44:28.251Z] <<< [apiv2][status] GET https://api.github.com/repos/brainqy/brf/actions/secrets/public-key 401
[debug] [2024-01-27T08:44:28.251Z] <<< [apiv2][body] GET https://api.github.com/repos/brainqy/brf/actions/secrets/public-key {"message":"Bad credentials","documentation_url":"https://docs.github.com/rest"}
[debug] [2024-01-27T08:44:28.999Z] >>> [apiv2][query] GET https://api.github.com/repos/brainqy/brf/actions/secrets/public-key type=owner
[debug] [2024-01-27T08:44:29.281Z] <<< [apiv2][status] GET https://api.github.com/repos/brainqy/brf/actions/secrets/public-key 401
[debug] [2024-01-27T08:44:29.281Z] <<< [apiv2][body] GET https://api.github.com/repos/brainqy/brf/actions/secrets/public-key {"message":"Bad credentials","documentation_url":"https://docs.github.com/rest"}
[debug] [2024-01-27T08:44:34.285Z] >>> [apiv2][query] GET https://api.github.com/repos/brainqy/brf/actions/secrets/public-key type=owner
[debug] [2024-01-27T08:44:34.624Z] <<< [apiv2][status] GET https://api.github.com/repos/brainqy/brf/actions/secrets/public-key 401
[debug] [2024-01-27T08:44:34.624Z] <<< [apiv2][body] GET https://api.github.com/repos/brainqy/brf/actions/secrets/public-key {"message":"Bad credentials","documentation_url":"https://docs.github.com/rest"}
[debug] [2024-01-27T08:44:35.125Z] >>> [apiv2][query] GET https://api.github.com/repos/brainqy/brf/actions/secrets/public-key type=owner
[debug] [2024-01-27T08:44:35.568Z] <<< [apiv2][status] GET https://api.github.com/repos/brainqy/brf/actions/secrets/public-key 401
[debug] [2024-01-27T08:44:35.568Z] <<< [apiv2][body] GET https://api.github.com/repos/brainqy/brf/actions/secrets/public-key {"message":"Bad credentials","documentation_url":"https://docs.github.com/rest"}
[debug] [2024-01-27T08:44:35.624Z] >>> [apiv2][query] GET https://api.github.com/repos/brainqy/brf/actions/secrets/public-key type=owner
[debug] [2024-01-27T08:44:35.657Z] >>> [apiv2][query] GET https://api.github.com/repos//actions/secrets/public-key type=owner
[debug] [2024-01-27T08:44:35.702Z] >>> [apiv2][query] GET https://api.github.com/repos//actions/secrets/public-key type=owner
[debug] [2024-01-27T08:44:35.734Z] >>> [apiv2][query] GET https://api.github.com/repos//actions/secrets/public-key type=owner
[debug] [2024-01-27T08:44:35.769Z] >>> [apiv2][query] GET https://api.github.com/repos//actions/secrets/public-key type=owner
[debug] [2024-01-27T08:44:35.797Z] >>> [apiv2][query] GET https://api.github.com/repos//actions/secrets/public-key type=owner
[debug] [2024-01-27T08:44:35.829Z] >>> [apiv2][query] GET https://api.github.com/repos//actions/secrets/public-key type=owner
[debug] [2024-01-27T08:44:35.860Z] >>> [apiv2][query] GET https://api.github.com/repos//actions/secrets/public-key type=owner
[debug] [2024-01-27T08:44:35.911Z] <<< [apiv2][status] GET https://api.github.com/repos/brainqy/brf/actions/secrets/public-key 401
[debug] [2024-01-27T08:44:35.911Z] <<< [apiv2][body] GET https://api.github.com/repos/brainqy/brf/actions/secrets/public-key {"message":"Bad credentials","documentation_url":"https://docs.github.com/rest"}
[debug] [2024-01-27T08:44:35.944Z] <<< [apiv2][status] GET https://api.github.com/repos//actions/secrets/public-key 401
[debug] [2024-01-27T08:44:35.944Z] <<< [apiv2][body] GET https://api.github.com/repos//actions/secrets/public-key {"message":"Bad credentials","documentation_url":"https://docs.github.com/rest"}
[debug] [2024-01-27T08:44:36.024Z] <<< [apiv2][status] GET https://api.github.com/repos//actions/secrets/public-key 401
[debug] [2024-01-27T08:44:36.024Z] <<< [apiv2][body] GET https://api.github.com/repos//actions/secrets/public-key {"message":"Bad credentials","documentation_url":"https://docs.github.com/rest"}
[debug] [2024-01-27T08:44:36.055Z] <<< [apiv2][status] GET https://api.github.com/repos//actions/secrets/public-key 401
[debug] [2024-01-27T08:44:36.055Z] <<< [apiv2][body] GET https://api.github.com/repos//actions/secrets/public-key {"message":"Bad credentials","documentation_url":"https://docs.github.com/rest"}
[debug] [2024-01-27T08:44:36.076Z] <<< [apiv2][status] GET https://api.github.com/repos//actions/secrets/public-key 401
[debug] [2024-01-27T08:44:36.076Z] <<< [apiv2][body] GET https://api.github.com/repos//actions/secrets/public-key {"message":"Bad credentials","documentation_url":"https://docs.github.com/rest"}
[debug] [2024-01-27T08:44:36.082Z] <<< [apiv2][status] GET https://api.github.com/repos//actions/secrets/public-key 401
[debug] [2024-01-27T08:44:36.082Z] <<< [apiv2][body] GET https://api.github.com/repos//actions/secrets/public-key {"message":"Bad credentials","documentation_url":"https://docs.github.com/rest"}
[debug] [2024-01-27T08:44:36.095Z] <<< [apiv2][status] GET https://api.github.com/repos//actions/secrets/public-key 401
[debug] [2024-01-27T08:44:36.096Z] <<< [apiv2][body] GET https://api.github.com/repos//actions/secrets/public-key {"message":"Bad credentials","documentation_url":"https://docs.github.com/rest"}
[debug] [2024-01-27T08:44:36.142Z] <<< [apiv2][status] GET https://api.github.com/repos//actions/secrets/public-key 401
[debug] [2024-01-27T08:44:36.142Z] <<< [apiv2][body] GET https://api.github.com/repos//actions/secrets/public-key {"message":"Bad credentials","documentation_url":"https://docs.github.com/rest"}
[debug] [2024-01-27T08:44:36.766Z] >>> [apiv2][query] GET https://api.github.com/repos/brainqy/brf/actions/secrets/public-key type=owner
[debug] [2024-01-27T08:44:37.168Z] <<< [apiv2][status] GET https://api.github.com/repos/brainqy/brf/actions/secrets/public-key 401
[debug] [2024-01-27T08:44:37.168Z] <<< [apiv2][body] GET https://api.github.com/repos/brainqy/brf/actions/secrets/public-key {"message":"Bad credentials","documentation_url":"https://docs.github.com/rest"}
